#-----------------------------------------------------------
# Vivado v2019.2 (64-bit)
# SW Build 2708876 on Wed Nov  6 21:40:23 MST 2019
# IP Build 2700528 on Thu Nov  7 00:09:20 MST 2019
# Start of session at: Mon Jun 22 23:33:41 2020
# Process ID: 2984
# Current directory: C:/Users/rache_000/Desktop/detour_project
# Command line: vivado.exe -gui_launcher_event rodinguilauncherevent10624 C:\Users\rache_000\Desktop\detour_project\detour_project.xpr
# Log file: C:/Users/rache_000/Desktop/detour_project/vivado.log
# Journal file: C:/Users/rache_000/Desktop/detour_project\vivado.jou
#-----------------------------------------------------------
start_gui
open_project C:/Users/rache_000/Desktop/detour_project/detour_project.xpr
Scanning sources...
Finished scanning sources
INFO: [IP_Flow 19-234] Refreshing IP repositories
INFO: [IP_Flow 19-1704] No user IP repositories specified
INFO: [IP_Flow 19-2313] Loaded Vivado IP repository 'C:/Xilinx/Vivado/2019.2/data/ip'.
open_project: Time (s): cpu = 00:00:38 ; elapsed = 00:01:00 . Memory (MB): peak = 707.379 ; gain = 128.516
update_compile_order -fileset sources_1
exit
INFO: [Common 17-206] Exiting Vivado at Mon Jun 22 23:38:37 2020...
